<?xml version="1.0" encoding="UTF-8"?>
<testng-results ignored="0" total="2" passed="2" failed="0" skipped="0">
  <reporter-output>
  </reporter-output>
  <suite started-at="2022-11-20T23:39:25 MSK" name="test.GlistenCosmeticsTest" finished-at="2022-11-20T23:39:51 MSK" duration-ms="25916">
    <groups>
    </groups>
    <test started-at="2022-11-20T23:39:25 MSK" name="Command line test" finished-at="2022-11-20T23:39:51 MSK" duration-ms="25916">
      <class name="test.GlistenCosmeticsTest">
        <test-method is-config="true" signature="browserSetup()[pri:0, instance:test.GlistenCosmeticsTest@5c33f1a9]" started-at="2022-11-20T23:39:25 MSK" name="browserSetup" finished-at="2022-11-20T23:39:28 MSK" duration-ms="3127" status="PASS">
          <reporter-output>
          </reporter-output>
        </test-method> <!-- browserSetup -->
        <test-method signature="testAddItemToCart()[pri:0, instance:test.GlistenCosmeticsTest@5c33f1a9]" started-at="2022-11-20T23:39:28 MSK" name="testAddItemToCart" finished-at="2022-11-20T23:39:40 MSK" duration-ms="12354" status="PASS">
          <reporter-output>
          </reporter-output>
        </test-method> <!-- testAddItemToCart -->
        <test-method is-config="true" signature="browserTearDown()[pri:0, instance:test.GlistenCosmeticsTest@5c33f1a9]" started-at="2022-11-20T23:39:40 MSK" name="browserTearDown" finished-at="2022-11-20T23:39:41 MSK" duration-ms="705" status="PASS">
          <reporter-output>
          </reporter-output>
        </test-method> <!-- browserTearDown -->
        <test-method is-config="true" signature="browserSetup()[pri:0, instance:test.GlistenCosmeticsTest@5c33f1a9]" started-at="2022-11-20T23:39:41 MSK" name="browserSetup" finished-at="2022-11-20T23:39:42 MSK" duration-ms="1259" status="PASS">
          <reporter-output>
          </reporter-output>
        </test-method> <!-- browserSetup -->
        <test-method signature="testEmptySearchResult()[pri:0, instance:test.GlistenCosmeticsTest@5c33f1a9]" started-at="2022-11-20T23:39:42 MSK" name="testEmptySearchResult" finished-at="2022-11-20T23:39:50 MSK" duration-ms="7709" status="PASS">
          <reporter-output>
          </reporter-output>
        </test-method> <!-- testEmptySearchResult -->
        <test-method is-config="true" signature="browserTearDown()[pri:0, instance:test.GlistenCosmeticsTest@5c33f1a9]" started-at="2022-11-20T23:39:50 MSK" name="browserTearDown" finished-at="2022-11-20T23:39:51 MSK" duration-ms="729" status="PASS">
          <reporter-output>
          </reporter-output>
        </test-method> <!-- browserTearDown -->
      </class> <!-- test.GlistenCosmeticsTest -->
    </test> <!-- Command line test -->
  </suite> <!-- test.GlistenCosmeticsTest -->
</testng-results>
